<?xml version="1.0" encoding="UTF-8"?>
<!-- Generated by org.testng.reporters.JUnitReportReporter -->
<testsuite hostname="DESKTOP-I91J3NG" failures="0" tests="1" name="utilities.DataProviders" time="1.713" errors="0" timestamp="2024-12-17T19:49:23 IST" skipped="0">
  <testcase classname="utilities.DataProviders" name="getdata" time="1.713"/>
</testsuite> <!-- utilities.DataProviders -->
