<?xml version="1.0" encoding="UTF-8"?>
<!-- Generated by org.testng.reporters.JUnitReportReporter -->
<testsuite hostname="DESKTOP-I91J3NG" failures="0" tests="2" name="testcases.TC001AccountRegistrationTest" time="30.078" errors="0" timestamp="2024-12-20T18:27:09 IST" skipped="0">
  <testcase classname="testcases.TC001AccountRegistrationTest" name="verify_registration_account" time="10.065"/>
  <testcase classname="testcases.TC001AccountRegistrationTest" name="verify_registration_account" time="20.013"/>
</testsuite> <!-- testcases.TC001AccountRegistrationTest -->
