<?xml version="1.0" encoding="UTF-8"?>
<!-- Generated by org.testng.reporters.JUnitReportReporter -->
<testsuite hostname="DESKTOP-I91J3NG" failures="0" tests="2" name="testcases.TC001AccountRegistrationTest" time="11.928" errors="0" timestamp="2024-12-21T11:20:00 IST" skipped="0">
  <testcase classname="testcases.TC001AccountRegistrationTest" name="verify_registration_account" time="5.893"/>
  <testcase classname="testcases.TC001AccountRegistrationTest" name="verify_registration_account" time="6.035"/>
</testsuite> <!-- testcases.TC001AccountRegistrationTest -->
