<?xml version="1.0" encoding="UTF-8"?>
<!-- Generated by org.testng.reporters.JUnitReportReporter -->
<testsuite hostname="DESKTOP-I91J3NG" failures="0" tests="2" name="testcases.TC002LoginpageTestCase" time="17.809" errors="0" timestamp="2024-12-21T11:20:00 IST" skipped="0">
  <testcase classname="testcases.TC002LoginpageTestCase" name="LoginPageTestcase" time="7.635"/>
  <testcase classname="testcases.TC002LoginpageTestCase" name="LoginPageTestcase" time="10.174"/>
</testsuite> <!-- testcases.TC002LoginpageTestCase -->
